Determining if the pthread_create exist failed with the following output:
Change Dir: /home/charlie/Documents/SPID/catamaran/parseAisTest/ROS_NODE/build/CMakeFiles/CMakeTmp

Run Build Command:"/usr/bin/make" "cmTC_4a2f5/fast"
/usr/bin/make -f CMakeFiles/cmTC_4a2f5.dir/build.make CMakeFiles/cmTC_4a2f5.dir/build
make[1] : on entre dans le répertoire « /home/charlie/Documents/SPID/catamaran/parseAisTest/ROS_NODE/build/CMakeFiles/CMakeTmp »
Building C object CMakeFiles/cmTC_4a2f5.dir/CheckSymbolExists.c.o
/usr/bin/cc     -o CMakeFiles/cmTC_4a2f5.dir/CheckSymbolExists.c.o   -c /home/charlie/Documents/SPID/catamaran/parseAisTest/ROS_NODE/build/CMakeFiles/CMakeTmp/CheckSymbolExists.c
Linking C executable cmTC_4a2f5
/usr/bin/cmake -E cmake_link_script CMakeFiles/cmTC_4a2f5.dir/link.txt --verbose=1
/usr/bin/cc       CMakeFiles/cmTC_4a2f5.dir/CheckSymbolExists.c.o  -o cmTC_4a2f5 -rdynamic 
CMakeFiles/cmTC_4a2f5.dir/CheckSymbolExists.c.o : Dans la fonction « main » :
CheckSymbolExists.c:(.text+0x16) : référence indéfinie vers « pthread_create »
collect2: error: ld returned 1 exit status
CMakeFiles/cmTC_4a2f5.dir/build.make:97 : la recette pour la cible « cmTC_4a2f5 » a échouée
make[1]: *** [cmTC_4a2f5] Erreur 1
make[1] : on quitte le répertoire « /home/charlie/Documents/SPID/catamaran/parseAisTest/ROS_NODE/build/CMakeFiles/CMakeTmp »
Makefile:126 : la recette pour la cible « cmTC_4a2f5/fast » a échouée
make: *** [cmTC_4a2f5/fast] Erreur 2

File /home/charlie/Documents/SPID/catamaran/parseAisTest/ROS_NODE/build/CMakeFiles/CMakeTmp/CheckSymbolExists.c:
/* */
#include <pthread.h>

int main(int argc, char** argv)
{
  (void)argv;
#ifndef pthread_create
  return ((int*)(&pthread_create))[argc];
#else
  (void)argc;
  return 0;
#endif
}

Determining if the function pthread_create exists in the pthreads failed with the following output:
Change Dir: /home/charlie/Documents/SPID/catamaran/parseAisTest/ROS_NODE/build/CMakeFiles/CMakeTmp

Run Build Command:"/usr/bin/make" "cmTC_c8985/fast"
/usr/bin/make -f CMakeFiles/cmTC_c8985.dir/build.make CMakeFiles/cmTC_c8985.dir/build
make[1] : on entre dans le répertoire « /home/charlie/Documents/SPID/catamaran/parseAisTest/ROS_NODE/build/CMakeFiles/CMakeTmp »
Building C object CMakeFiles/cmTC_c8985.dir/CheckFunctionExists.c.o
/usr/bin/cc    -DCHECK_FUNCTION_EXISTS=pthread_create   -o CMakeFiles/cmTC_c8985.dir/CheckFunctionExists.c.o   -c /usr/share/cmake-3.5/Modules/CheckFunctionExists.c
Linking C executable cmTC_c8985
/usr/bin/cmake -E cmake_link_script CMakeFiles/cmTC_c8985.dir/link.txt --verbose=1
/usr/bin/cc   -DCHECK_FUNCTION_EXISTS=pthread_create    CMakeFiles/cmTC_c8985.dir/CheckFunctionExists.c.o  -o cmTC_c8985 -rdynamic -lpthreads 
/usr/bin/ld : ne peut trouver -lpthreads
collect2: error: ld returned 1 exit status
CMakeFiles/cmTC_c8985.dir/build.make:97 : la recette pour la cible « cmTC_c8985 » a échouée
make[1]: *** [cmTC_c8985] Erreur 1
make[1] : on quitte le répertoire « /home/charlie/Documents/SPID/catamaran/parseAisTest/ROS_NODE/build/CMakeFiles/CMakeTmp »
Makefile:126 : la recette pour la cible « cmTC_c8985/fast » a échouée
make: *** [cmTC_c8985/fast] Erreur 2


